Using pre-set license
Built from '2021.3/staging' branch; Version is '2021.3.2f1 (d6360bedb9a0) revision 14038539'; Using compiler version '192829333'; Build Type 'Release'
OS: 'Windows 10  (10.0.19042) 64bit Professional' Language: 'ko' Physical Memory: 16297 MB
BatchMode: 1, IsHumanControllingUs: 0, StartBugReporterOnCrash: 0, Is64bit: 1, IsPro: 1

COMMAND LINE ARGUMENTS:
C:\Program Files\Unity\Hub\Editor\2021.3.2f1\Editor\Unity.exe
-adb2
-batchMode
-noUpm
-name
AssetImportWorker0
-projectPath
C:/Users/OFFICE/source/repos/Unity-Class/Class
-logFile
Logs/AssetImportWorker0.log
-srvPort
55468
Successfully changed project path to: C:/Users/OFFICE/source/repos/Unity-Class/Class
C:/Users/OFFICE/source/repos/Unity-Class/Class
[UnityMemory] Configuration Parameters - Can be set up in boot.config
    "memorysetup-bucket-allocator-granularity=16"
    "memorysetup-bucket-allocator-bucket-count=8"
    "memorysetup-bucket-allocator-block-size=33554432"
    "memorysetup-bucket-allocator-block-count=8"
    "memorysetup-main-allocator-block-size=16777216"
    "memorysetup-thread-allocator-block-size=16777216"
    "memorysetup-gfx-main-allocator-block-size=16777216"
    "memorysetup-gfx-thread-allocator-block-size=16777216"
    "memorysetup-cache-allocator-block-size=4194304"
    "memorysetup-typetree-allocator-block-size=2097152"
    "memorysetup-profiler-bucket-allocator-granularity=16"
    "memorysetup-profiler-bucket-allocator-bucket-count=8"
    "memorysetup-profiler-bucket-allocator-block-size=33554432"
    "memorysetup-profiler-bucket-allocator-block-count=8"
    "memorysetup-profiler-allocator-block-size=16777216"
    "memorysetup-profiler-editor-allocator-block-size=1048576"
    "memorysetup-temp-allocator-size-main=16777216"
    "memorysetup-job-temp-allocator-block-size=2097152"
    "memorysetup-job-temp-allocator-block-size-background=1048576"
    "memorysetup-job-temp-allocator-reduction-small-platforms=262144"
    "memorysetup-temp-allocator-size-background-worker=32768"
    "memorysetup-temp-allocator-size-job-worker=262144"
    "memorysetup-temp-allocator-size-preload-manager=33554432"
    "memorysetup-temp-allocator-size-nav-mesh-worker=65536"
    "memorysetup-temp-allocator-size-audio-worker=65536"
    "memorysetup-temp-allocator-size-cloud-worker=32768"
    "memorysetup-temp-allocator-size-gi-baking-worker=262144"
    "memorysetup-temp-allocator-size-gfx=262144"
Refreshing native plugins compatible for Editor in 65.33 ms, found 3 plugins.
Preloading 0 native plugins for Editor in 0.00 ms.
Initialize engine version: 2021.3.2f1 (d6360bedb9a0)
[Subsystems] Discovering subsystems at path C:/Program Files/Unity/Hub/Editor/2021.3.2f1/Editor/Data/Resources/UnitySubsystems
[Subsystems] Discovering subsystems at path C:/Users/OFFICE/source/repos/Unity-Class/Class/Assets
GfxDevice: creating device client; threaded=0; jobified=0
Direct3D:
    Version:  Direct3D 11.0 [level 11.1]
    Renderer: NVIDIA GeForce GTX 1660 (ID=0x2184)
    Vendor:   NVIDIA
    VRAM:     5991 MB
    Driver:   27.21.14.5671
Initialize mono
Mono path[0] = 'C:/Program Files/Unity/Hub/Editor/2021.3.2f1/Editor/Data/Managed'
Mono path[1] = 'C:/Program Files/Unity/Hub/Editor/2021.3.2f1/Editor/Data/MonoBleedingEdge/lib/mono/unityjit-win32'
Mono config path = 'C:/Program Files/Unity/Hub/Editor/2021.3.2f1/Editor/Data/MonoBleedingEdge/etc'
Using monoOptions --debugger-agent=transport=dt_socket,embedding=1,server=y,suspend=n,address=127.0.0.1:56300
Begin MonoManager ReloadAssembly
Registering precompiled unity dll's ...
Register platform support module: C:/Program Files/Unity/Hub/Editor/2021.3.2f1/Editor/Data/PlaybackEngines/iOSSupport/UnityEditor.iOS.Extensions.dll
Register platform support module: C:/Program Files/Unity/Hub/Editor/2021.3.2f1/Editor/Data/PlaybackEngines/WindowsStandaloneSupport/UnityEditor.WindowsStandalone.Extensions.dll
Registered in 0.004205 seconds.
Native extension for WindowsStandalone target not found
[usbmuxd] Start listen thread
[usbmuxd] Listen thread started
Native extension for iOS target not found
Refreshing native plugins compatible for Editor in 65.47 ms, found 3 plugins.
Preloading 0 native plugins for Editor in 0.00 ms.
Mono: successfully reloaded assembly
- Completed reload, in  0.509 seconds
Domain Reload Profiling:
	ReloadAssembly (510ms)
		BeginReloadAssembly (58ms)
			ExecutionOrderSort (0ms)
			DisableScriptedObjects (0ms)
			BackupInstance (0ms)
			ReleaseScriptingObjects (0ms)
			CreateAndSetChildDomain (1ms)
		EndReloadAssembly (366ms)
			LoadAssemblies (57ms)
			RebuildTransferFunctionScriptingTraits (0ms)
			SetupTypeCache (85ms)
			ReleaseScriptCaches (0ms)
			RebuildScriptCaches (23ms)
			SetupLoadedEditorAssemblies (219ms)
				LogAssemblyErrors (0ms)
				InitializePlatformSupportModulesInManaged (19ms)
				SetLoadedEditorAssemblies (0ms)
				RefreshPlugins (66ms)
				BeforeProcessingInitializeOnLoad (1ms)
				ProcessInitializeOnLoadAttributes (98ms)
				ProcessInitializeOnLoadMethodAttributes (35ms)
				AfterProcessingInitializeOnLoad (0ms)
				EditorAssembliesLoaded (0ms)
			ExecutionOrderSort2 (0ms)
			AwakeInstancesAfterBackupRestoration (0ms)
Platform modules already initialized, skipping
Registering precompiled user dll's ...
Registered in 0.004011 seconds.
Begin MonoManager ReloadAssembly
Symbol file LoadedFromMemory doesn't match image C:\Users\OFFICE\source\repos\Unity-Class\Class\Library\PackageCache\com.unity.visualscripting@1.7.6\Editor\VisualScripting.Core\Dependencies\YamlDotNet\Unity.VisualScripting.YamlDotNet.dll
Symbol file LoadedFromMemory doesn't match image C:\Users\OFFICE\source\repos\Unity-Class\Class\Library\PackageCache\com.unity.visualscripting@1.7.6\Editor\VisualScripting.Core\Dependencies\DotNetZip\Unity.VisualScripting.IonicZip.dll
Native extension for WindowsStandalone target not found
Native extension for iOS target not found
Refreshing native plugins compatible for Editor in 0.49 ms, found 3 plugins.
Preloading 0 native plugins for Editor in 0.00 ms.
Mono: successfully reloaded assembly
- Completed reload, in  0.809 seconds
Domain Reload Profiling:
	ReloadAssembly (810ms)
		BeginReloadAssembly (85ms)
			ExecutionOrderSort (0ms)
			DisableScriptedObjects (5ms)
			BackupInstance (0ms)
			ReleaseScriptingObjects (0ms)
			CreateAndSetChildDomain (15ms)
		EndReloadAssembly (636ms)
			LoadAssemblies (63ms)
			RebuildTransferFunctionScriptingTraits (0ms)
			SetupTypeCache (207ms)
			ReleaseScriptCaches (1ms)
			RebuildScriptCaches (39ms)
			SetupLoadedEditorAssemblies (289ms)
				LogAssemblyErrors (0ms)
				InitializePlatformSupportModulesInManaged (18ms)
				SetLoadedEditorAssemblies (0ms)
				RefreshPlugins (1ms)
				BeforeProcessingInitializeOnLoad (67ms)
				ProcessInitializeOnLoadAttributes (175ms)
				ProcessInitializeOnLoadMethodAttributes (23ms)
				AfterProcessingInitializeOnLoad (4ms)
				EditorAssembliesLoaded (0ms)
			ExecutionOrderSort2 (0ms)
			AwakeInstancesAfterBackupRestoration (4ms)
Platform modules already initialized, skipping
========================================================================
Worker process is ready to serve import requests
Launched and connected shader compiler UnityShaderCompiler.exe after 0.02 seconds
Refreshing native plugins compatible for Editor in 0.54 ms, found 3 plugins.
Preloading 0 native plugins for Editor in 0.00 ms.
Unloading 3361 Unused Serialized files (Serialized files now loaded: 0)
Unloading 26 unused Assets / (112.5 KB). Loaded Objects now: 3821.
Memory consumption went from 116.2 MB to 116.0 MB.
Total: 2.908400 ms (FindLiveObjects: 0.280000 ms CreateObjectMapping: 0.205300 ms MarkObjects: 2.253400 ms  DeleteObjects: 0.168300 ms)

AssetImportParameters requested are different than current active one (requested -> active):
  custom:video-decoder-ogg-theora: a1e56fd34408186e4bbccfd4996cb3dc -> 
  custom:container-muxer-webm: aa71ff27fc2769a1b78a27578f13a17b -> 
  custom:container-demuxer-webm: 4f35f7cbe854078d1ac9338744f61a02 -> 
  custom:video-encoder-webm-vp8: eb34c28f22e8b96e1ab97ce403110664 -> 
  custom:audio-encoder-webm-vorbis: bf7c407c2cedff20999df2af8eb42d56 -> 
  custom:framework-win-MediaFoundation: 216162199b28c13a410421893ffa2e32 -> 
  custom:container-demuxer-ogg: 62fdf1f143b41e24485cea50d1cbac27 -> 
  custom:video-decoder-webm-vp8: 9c59270c3fd7afecdb556c50c9e8de78 -> 
  custom:audio-decoder-ogg-vorbis: bf7c407c2cedff20999df2af8eb42d56 -> 
========================================================================
Received Import Request.
  Time since last request: 1908570.768550 seconds.
  path: Assets/Scenes/SampleScene.unity
  artifactKey: Guid(9fc0d4010bbf28b4594072e72b8655ab) Importer(815301076,1909f56bfc062723c751e8b465ee728b)
Start importing Assets/Scenes/SampleScene.unity using Guid(9fc0d4010bbf28b4594072e72b8655ab) Importer(815301076,1909f56bfc062723c751e8b465ee728b)  -> (artifact id: '032f5706b293c73e93fc3c9d3c676b12') in 0.005485 seconds 
========================================================================
Received Import Request.
  Time since last request: 130.465032 seconds.
  path: Assets/Scenes/NewBehaviourScript.cs
  artifactKey: Guid(dc032f12cdf29674fb02634d0fb3a838) Importer(815301076,1909f56bfc062723c751e8b465ee728b)
Start importing Assets/Scenes/NewBehaviourScript.cs using Guid(dc032f12cdf29674fb02634d0fb3a838) Importer(815301076,1909f56bfc062723c751e8b465ee728b)  -> (artifact id: 'db178823484b057bebda82b32253413a') in 0.015903 seconds 
========================================================================
Received Prepare
Registering precompiled user dll's ...
Registered in 0.002737 seconds.
Begin MonoManager ReloadAssembly
Symbol file LoadedFromMemory doesn't match image C:\Users\OFFICE\source\repos\Unity-Class\Class\Library\PackageCache\com.unity.visualscripting@1.7.6\Editor\VisualScripting.Core\Dependencies\YamlDotNet\Unity.VisualScripting.YamlDotNet.dll
Symbol file LoadedFromMemory doesn't match image C:\Users\OFFICE\source\repos\Unity-Class\Class\Library\PackageCache\com.unity.visualscripting@1.7.6\Editor\VisualScripting.Core\Dependencies\DotNetZip\Unity.VisualScripting.IonicZip.dll
Native extension for WindowsStandalone target not found
Native extension for iOS target not found
Refreshing native plugins compatible for Editor in 0.45 ms, found 3 plugins.
Preloading 0 native plugins for Editor in 0.00 ms.
Mono: successfully reloaded assembly
- Completed reload, in  0.799 seconds
Domain Reload Profiling:
	ReloadAssembly (800ms)
		BeginReloadAssembly (107ms)
			ExecutionOrderSort (0ms)
			DisableScriptedObjects (5ms)
			BackupInstance (0ms)
			ReleaseScriptingObjects (0ms)
			CreateAndSetChildDomain (28ms)
		EndReloadAssembly (616ms)
			LoadAssemblies (63ms)
			RebuildTransferFunctionScriptingTraits (0ms)
			SetupTypeCache (214ms)
			ReleaseScriptCaches (1ms)
			RebuildScriptCaches (33ms)
			SetupLoadedEditorAssemblies (272ms)
				LogAssemblyErrors (0ms)
				InitializePlatformSupportModulesInManaged (23ms)
				SetLoadedEditorAssemblies (0ms)
				RefreshPlugins (0ms)
				BeforeProcessingInitializeOnLoad (54ms)
				ProcessInitializeOnLoadAttributes (164ms)
				ProcessInitializeOnLoadMethodAttributes (26ms)
				AfterProcessingInitializeOnLoad (4ms)
				EditorAssembliesLoaded (0ms)
			ExecutionOrderSort2 (0ms)
			AwakeInstancesAfterBackupRestoration (5ms)
Platform modules already initialized, skipping
Refreshing native plugins compatible for Editor in 1.34 ms, found 3 plugins.
Preloading 0 native plugins for Editor in 0.00 ms.
Unloading 3356 Unused Serialized files (Serialized files now loaded: 0)
Unloading 19 unused Assets / (79.4 KB). Loaded Objects now: 3824.
Memory consumption went from 116.1 MB to 116.0 MB.
Total: 2.282600 ms (FindLiveObjects: 0.235100 ms CreateObjectMapping: 0.141600 ms MarkObjects: 1.843300 ms  DeleteObjects: 0.062300 ms)

AssetImportParameters requested are different than current active one (requested -> active):
  custom:video-decoder-ogg-theora: a1e56fd34408186e4bbccfd4996cb3dc -> 
  custom:container-muxer-webm: aa71ff27fc2769a1b78a27578f13a17b -> 
  custom:container-demuxer-webm: 4f35f7cbe854078d1ac9338744f61a02 -> 
  custom:video-encoder-webm-vp8: eb34c28f22e8b96e1ab97ce403110664 -> 
  custom:audio-encoder-webm-vorbis: bf7c407c2cedff20999df2af8eb42d56 -> 
  custom:framework-win-MediaFoundation: 216162199b28c13a410421893ffa2e32 -> 
  custom:container-demuxer-ogg: 62fdf1f143b41e24485cea50d1cbac27 -> 
  custom:video-decoder-webm-vp8: 9c59270c3fd7afecdb556c50c9e8de78 -> 
  custom:audio-decoder-ogg-vorbis: bf7c407c2cedff20999df2af8eb42d56 -> 
========================================================================
Received Import Request.
  Time since last request: 134.282827 seconds.
  path: Assets/New Folder
  artifactKey: Guid(16d645cf2d1787d47b385e202b82f59a) Importer(815301076,1909f56bfc062723c751e8b465ee728b)
Start importing Assets/New Folder using Guid(16d645cf2d1787d47b385e202b82f59a) Importer(815301076,1909f56bfc062723c751e8b465ee728b)  -> (artifact id: '080d105e42490a3c4ef6f49c14db8b8a') in 0.005237 seconds 
========================================================================
Received Import Request.
  Time since last request: 17.470001 seconds.
  path: Assets/Script
  artifactKey: Guid(470ddbc3c96d690478ed15005d086c20) Importer(815301076,1909f56bfc062723c751e8b465ee728b)
Start importing Assets/Script using Guid(470ddbc3c96d690478ed15005d086c20) Importer(815301076,1909f56bfc062723c751e8b465ee728b)  -> (artifact id: '086ba5b891c4bc369bbefa74dad17f63') in 0.001416 seconds 
========================================================================
Received Import Request.
  Time since last request: 570.195146 seconds.
  path: Assets/Cyber Monsters 2
  artifactKey: Guid(d133ebd86c2b76449a2a9650edc2edab) Importer(815301076,1909f56bfc062723c751e8b465ee728b)
Start importing Assets/Cyber Monsters 2 using Guid(d133ebd86c2b76449a2a9650edc2edab) Importer(815301076,1909f56bfc062723c751e8b465ee728b)  -> (artifact id: '75ef4a34b371233cc6f869ace92e9ea0') in 0.001351 seconds 
========================================================================
Received Import Request.
  Time since last request: 1.314505 seconds.
  path: Assets/Cyber Monsters 2/Animation
  artifactKey: Guid(2e7cfdb92e1104a4986fd01fd7585068) Importer(815301076,1909f56bfc062723c751e8b465ee728b)
Start importing Assets/Cyber Monsters 2/Animation using Guid(2e7cfdb92e1104a4986fd01fd7585068) Importer(815301076,1909f56bfc062723c751e8b465ee728b)  -> (artifact id: '96960d6158f62c8969bbeecdec5f0924') in 0.001066 seconds 
========================================================================
Received Import Request.
  Time since last request: 0.886420 seconds.
  path: Assets/Cyber Monsters 2/Animation/Anim_Cyber_Monsters_2@Death.fbx
  artifactKey: Guid(c47274737cf75624191fc490cc421b96) Importer(815301076,1909f56bfc062723c751e8b465ee728b)
Start importing Assets/Cyber Monsters 2/Animation/Anim_Cyber_Monsters_2@Death.fbx using Guid(c47274737cf75624191fc490cc421b96) Importer(815301076,1909f56bfc062723c751e8b465ee728b)  -> (artifact id: '8bfaf8139ec1d657139ed8e4d75637ad') in 0.029843 seconds 
========================================================================
Received Import Request.
  Time since last request: 15.685499 seconds.
  path: Assets/Cyber Monsters 2/Cyber Monsters 2 Animator Controller.controller
  artifactKey: Guid(4b63ffe2968c88448ba3a1785f1a9cf9) Importer(815301076,1909f56bfc062723c751e8b465ee728b)
Start importing Assets/Cyber Monsters 2/Cyber Monsters 2 Animator Controller.controller using Guid(4b63ffe2968c88448ba3a1785f1a9cf9) Importer(815301076,1909f56bfc062723c751e8b465ee728b)  -> (artifact id: '57627a7ccf4b38643708077e9b9c8c75') in 0.007998 seconds 
========================================================================
Received Import Request.
  Time since last request: 2.081282 seconds.
  path: Assets/Cyber Monsters 2/Texture
  artifactKey: Guid(bb311c22e9bba8847aa4d2ee33fd591a) Importer(815301076,1909f56bfc062723c751e8b465ee728b)
Start importing Assets/Cyber Monsters 2/Texture using Guid(bb311c22e9bba8847aa4d2ee33fd591a) Importer(815301076,1909f56bfc062723c751e8b465ee728b)  -> (artifact id: '9591efdfbb4d0bbf8dca2e4352fc226e') in 0.001082 seconds 
========================================================================
Received Import Request.
  Time since last request: 15.775772 seconds.
  path: Assets/Cyber Monsters 2/Cyber Monsters 2.unity
  artifactKey: Guid(8e5eb3bf53a43db44871fed940f4d4b3) Importer(815301076,1909f56bfc062723c751e8b465ee728b)
Start importing Assets/Cyber Monsters 2/Cyber Monsters 2.unity using Guid(8e5eb3bf53a43db44871fed940f4d4b3) Importer(815301076,1909f56bfc062723c751e8b465ee728b)  -> (artifact id: 'ce444f63e89582d88567062c5255d419') in 0.001904 seconds 
========================================================================
Received Import Request.
  Time since last request: 2.471911 seconds.
  path: Assets/Cyber Monsters 2/Standard_Two_Sided.shader
  artifactKey: Guid(b33b373770ec9584c8556e9e90f143fc) Importer(815301076,1909f56bfc062723c751e8b465ee728b)
Start importing Assets/Cyber Monsters 2/Standard_Two_Sided.shader using Guid(b33b373770ec9584c8556e9e90f143fc) Importer(815301076,1909f56bfc062723c751e8b465ee728b)  -> (artifact id: '6db5209ee69b85899528d0cca34e5698') in 0.003221 seconds 
========================================================================
Received Import Request.
  Time since last request: 1.001485 seconds.
  path: Assets/Cyber Monsters 2/Prefab
  artifactKey: Guid(dfb40374aabda024cb6eaf93fea96ed7) Importer(815301076,1909f56bfc062723c751e8b465ee728b)
Start importing Assets/Cyber Monsters 2/Prefab using Guid(dfb40374aabda024cb6eaf93fea96ed7) Importer(815301076,1909f56bfc062723c751e8b465ee728b)  -> (artifact id: 'aa3fa6d37261b5089f739f92489a8028') in 0.001004 seconds 
========================================================================
Received Import Request.
  Time since last request: 0.375098 seconds.
  path: Assets/Cyber Monsters 2/Materials
  artifactKey: Guid(0425c59369220e546a94cdc28e765a7a) Importer(815301076,1909f56bfc062723c751e8b465ee728b)
Start importing Assets/Cyber Monsters 2/Materials using Guid(0425c59369220e546a94cdc28e765a7a) Importer(815301076,1909f56bfc062723c751e8b465ee728b)  -> (artifact id: '9dda52aa8039de11b0908513696ef83d') in 0.001028 seconds 
========================================================================
Received Import Request.
  Time since last request: 0.326844 seconds.
  path: Assets/Cyber Monsters 2/Base mesh
  artifactKey: Guid(a343a068aeeacb84dadbd039a2fb667c) Importer(815301076,1909f56bfc062723c751e8b465ee728b)
Start importing Assets/Cyber Monsters 2/Base mesh using Guid(a343a068aeeacb84dadbd039a2fb667c) Importer(815301076,1909f56bfc062723c751e8b465ee728b)  -> (artifact id: 'a02d268efe4110be8dd2dc2153e0cd6f') in 0.001955 seconds 
========================================================================
Received Import Request.
  Time since last request: 11.768786 seconds.
  path: Assets/Cyber Monsters 2/Prefab/Cyber Monsters 2.prefab
  artifactKey: Guid(e10e470cb8ac58346ab2adcf73cc6e93) Importer(815301076,1909f56bfc062723c751e8b465ee728b)
Start importing Assets/Cyber Monsters 2/Prefab/Cyber Monsters 2.prefab using Guid(e10e470cb8ac58346ab2adcf73cc6e93) Importer(815301076,1909f56bfc062723c751e8b465ee728b)  -> (artifact id: '2e2d1aedb1d6370bfb9bb920b07ae484') in 0.774936 seconds 
========================================================================
Received Prepare
Registering precompiled user dll's ...
Registered in 0.002721 seconds.
Begin MonoManager ReloadAssembly
Symbol file LoadedFromMemory doesn't match image C:\Users\OFFICE\source\repos\Unity-Class\Class\Library\PackageCache\com.unity.visualscripting@1.7.6\Editor\VisualScripting.Core\Dependencies\YamlDotNet\Unity.VisualScripting.YamlDotNet.dll
Symbol file LoadedFromMemory doesn't match image C:\Users\OFFICE\source\repos\Unity-Class\Class\Library\PackageCache\com.unity.visualscripting@1.7.6\Editor\VisualScripting.Core\Dependencies\DotNetZip\Unity.VisualScripting.IonicZip.dll
Native extension for WindowsStandalone target not found
Native extension for iOS target not found
Refreshing native plugins compatible for Editor in 0.55 ms, found 3 plugins.
Preloading 0 native plugins for Editor in 0.00 ms.
Mono: successfully reloaded assembly
- Completed reload, in  0.799 seconds
Domain Reload Profiling:
	ReloadAssembly (799ms)
		BeginReloadAssembly (107ms)
			ExecutionOrderSort (0ms)
			DisableScriptedObjects (4ms)
			BackupInstance (0ms)
			ReleaseScriptingObjects (0ms)
			CreateAndSetChildDomain (32ms)
		EndReloadAssembly (617ms)
			LoadAssemblies (62ms)
			RebuildTransferFunctionScriptingTraits (0ms)
			SetupTypeCache (213ms)
			ReleaseScriptCaches (1ms)
			RebuildScriptCaches (34ms)
			SetupLoadedEditorAssemblies (274ms)
				LogAssemblyErrors (0ms)
				InitializePlatformSupportModulesInManaged (22ms)
				SetLoadedEditorAssemblies (0ms)
				RefreshPlugins (1ms)
				BeforeProcessingInitializeOnLoad (52ms)
				ProcessInitializeOnLoadAttributes (170ms)
				ProcessInitializeOnLoadMethodAttributes (25ms)
				AfterProcessingInitializeOnLoad (4ms)
				EditorAssembliesLoaded (0ms)
			ExecutionOrderSort2 (0ms)
			AwakeInstancesAfterBackupRestoration (5ms)
Platform modules already initialized, skipping
Refreshing native plugins compatible for Editor in 1.36 ms, found 3 plugins.
Preloading 0 native plugins for Editor in 0.00 ms.
Unloading 3357 Unused Serialized files (Serialized files now loaded: 0)
Unloading 19 unused Assets / (79.7 KB). Loaded Objects now: 3835.
Memory consumption went from 133.6 MB to 133.5 MB.
Total: 2.532500 ms (FindLiveObjects: 0.268100 ms CreateObjectMapping: 0.213500 ms MarkObjects: 1.954500 ms  DeleteObjects: 0.095500 ms)

AssetImportParameters requested are different than current active one (requested -> active):
  custom:video-decoder-ogg-theora: a1e56fd34408186e4bbccfd4996cb3dc -> 
  custom:container-muxer-webm: aa71ff27fc2769a1b78a27578f13a17b -> 
  custom:container-demuxer-webm: 4f35f7cbe854078d1ac9338744f61a02 -> 
  custom:video-encoder-webm-vp8: eb34c28f22e8b96e1ab97ce403110664 -> 
  custom:audio-encoder-webm-vorbis: bf7c407c2cedff20999df2af8eb42d56 -> 
  custom:framework-win-MediaFoundation: 216162199b28c13a410421893ffa2e32 -> 
  custom:container-demuxer-ogg: 62fdf1f143b41e24485cea50d1cbac27 -> 
  custom:video-decoder-webm-vp8: 9c59270c3fd7afecdb556c50c9e8de78 -> 
  custom:audio-decoder-ogg-vorbis: bf7c407c2cedff20999df2af8eb42d56 -> 
========================================================================
Received Import Request.
  Time since last request: 152.501941 seconds.
  path: Assets/Cyber Monsters 2/Animation/Anim_Cyber_Monsters_2@shoots gun_2.fbx
  artifactKey: Guid(f272f0685a2b201458194538209487a4) Importer(815301076,1909f56bfc062723c751e8b465ee728b)
Start importing Assets/Cyber Monsters 2/Animation/Anim_Cyber_Monsters_2@shoots gun_2.fbx using Guid(f272f0685a2b201458194538209487a4) Importer(815301076,1909f56bfc062723c751e8b465ee728b)  -> (artifact id: '80d44229e9414c73a98588dcab7d6937') in 0.027708 seconds 
========================================================================
Received Prepare
Registering precompiled user dll's ...
Registered in 0.002846 seconds.
Begin MonoManager ReloadAssembly
Symbol file LoadedFromMemory doesn't match image C:\Users\OFFICE\source\repos\Unity-Class\Class\Library\PackageCache\com.unity.visualscripting@1.7.6\Editor\VisualScripting.Core\Dependencies\YamlDotNet\Unity.VisualScripting.YamlDotNet.dll
Symbol file LoadedFromMemory doesn't match image C:\Users\OFFICE\source\repos\Unity-Class\Class\Library\PackageCache\com.unity.visualscripting@1.7.6\Editor\VisualScripting.Core\Dependencies\DotNetZip\Unity.VisualScripting.IonicZip.dll
Native extension for WindowsStandalone target not found
Native extension for iOS target not found
Refreshing native plugins compatible for Editor in 0.50 ms, found 3 plugins.
Preloading 0 native plugins for Editor in 0.00 ms.
Mono: successfully reloaded assembly
- Completed reload, in  0.779 seconds
Domain Reload Profiling:
	ReloadAssembly (779ms)
		BeginReloadAssembly (111ms)
			ExecutionOrderSort (0ms)
			DisableScriptedObjects (4ms)
			BackupInstance (0ms)
			ReleaseScriptingObjects (0ms)
			CreateAndSetChildDomain (34ms)
		EndReloadAssembly (594ms)
			LoadAssemblies (63ms)
			RebuildTransferFunctionScriptingTraits (0ms)
			SetupTypeCache (208ms)
			ReleaseScriptCaches (1ms)
			RebuildScriptCaches (32ms)
			SetupLoadedEditorAssemblies (261ms)
				LogAssemblyErrors (0ms)
				InitializePlatformSupportModulesInManaged (22ms)
				SetLoadedEditorAssemblies (0ms)
				RefreshPlugins (1ms)
				BeforeProcessingInitializeOnLoad (51ms)
				ProcessInitializeOnLoadAttributes (159ms)
				ProcessInitializeOnLoadMethodAttributes (23ms)
				AfterProcessingInitializeOnLoad (4ms)
				EditorAssembliesLoaded (0ms)
			ExecutionOrderSort2 (0ms)
			AwakeInstancesAfterBackupRestoration (5ms)
Platform modules already initialized, skipping
Refreshing native plugins compatible for Editor in 1.27 ms, found 3 plugins.
Preloading 0 native plugins for Editor in 0.00 ms.
Unloading 3364 Unused Serialized files (Serialized files now loaded: 0)
Unloading 20 unused Assets / (329.3 KB). Loaded Objects now: 3846.
Memory consumption went from 134.5 MB to 134.2 MB.
Total: 2.419200 ms (FindLiveObjects: 0.242900 ms CreateObjectMapping: 0.152600 ms MarkObjects: 1.862500 ms  DeleteObjects: 0.160500 ms)

AssetImportParameters requested are different than current active one (requested -> active):
  custom:video-decoder-ogg-theora: a1e56fd34408186e4bbccfd4996cb3dc -> 
  custom:container-muxer-webm: aa71ff27fc2769a1b78a27578f13a17b -> 
  custom:container-demuxer-webm: 4f35f7cbe854078d1ac9338744f61a02 -> 
  custom:video-encoder-webm-vp8: eb34c28f22e8b96e1ab97ce403110664 -> 
  custom:audio-encoder-webm-vorbis: bf7c407c2cedff20999df2af8eb42d56 -> 
  custom:framework-win-MediaFoundation: 216162199b28c13a410421893ffa2e32 -> 
  custom:container-demuxer-ogg: 62fdf1f143b41e24485cea50d1cbac27 -> 
  custom:video-decoder-webm-vp8: 9c59270c3fd7afecdb556c50c9e8de78 -> 
  custom:audio-decoder-ogg-vorbis: bf7c407c2cedff20999df2af8eb42d56 -> 
========================================================================
Received Import Request.
  Time since last request: 384.608674 seconds.
  path: Assets/Kawaii Slime
  artifactKey: Guid(8a622dbffbbcb7a4ab98c7647577e145) Importer(815301076,1909f56bfc062723c751e8b465ee728b)
Start importing Assets/Kawaii Slime using Guid(8a622dbffbbcb7a4ab98c7647577e145) Importer(815301076,1909f56bfc062723c751e8b465ee728b)  -> (artifact id: '1a71c76660d7cbfa9ccd177f172e3dff') in 0.005286 seconds 
========================================================================
Received Import Request.
  Time since last request: 9.085663 seconds.
  path: Assets/Kawaii Slime/Cameras
  artifactKey: Guid(604bd9e7358cf48c0969f5b515a8c51c) Importer(815301076,1909f56bfc062723c751e8b465ee728b)
Start importing Assets/Kawaii Slime/Cameras using Guid(604bd9e7358cf48c0969f5b515a8c51c) Importer(815301076,1909f56bfc062723c751e8b465ee728b)  -> (artifact id: 'be2e2ca1c4702bb64b5a54d4863ea427') in 0.001161 seconds 
========================================================================
Received Import Request.
  Time since last request: 1.587080 seconds.
  path: Assets/Kawaii Slime/Cameras/Scripts
  artifactKey: Guid(e7b22774d57de9f4eb961b3ff68ed80a) Importer(815301076,1909f56bfc062723c751e8b465ee728b)
Start importing Assets/Kawaii Slime/Cameras/Scripts using Guid(e7b22774d57de9f4eb961b3ff68ed80a) Importer(815301076,1909f56bfc062723c751e8b465ee728b)  -> (artifact id: '607932a48f4b9598d678ec8a5218026e') in 0.000957 seconds 
========================================================================
Received Import Request.
  Time since last request: 0.313122 seconds.
  path: Assets/Kawaii Slime/Cameras/Prefabs
  artifactKey: Guid(a869b219648fd6c47a3c134f3520ccff) Importer(815301076,1909f56bfc062723c751e8b465ee728b)
Start importing Assets/Kawaii Slime/Cameras/Prefabs using Guid(a869b219648fd6c47a3c134f3520ccff) Importer(815301076,1909f56bfc062723c751e8b465ee728b)  -> (artifact id: 'e14fcf09542f1909210eb40a8d257513') in 0.000955 seconds 
========================================================================
Received Import Request.
  Time since last request: 5.771318 seconds.
  path: Assets/Kawaii Slime/Models
  artifactKey: Guid(ec3cdd6ee2379f34280992d5c7aeacb6) Importer(815301076,1909f56bfc062723c751e8b465ee728b)
Start importing Assets/Kawaii Slime/Models using Guid(ec3cdd6ee2379f34280992d5c7aeacb6) Importer(815301076,1909f56bfc062723c751e8b465ee728b)  -> (artifact id: 'a08974b67cda3b6df4e65551b36177af') in 0.000924 seconds 
========================================================================
Received Import Request.
  Time since last request: 0.779190 seconds.
  path: Assets/Kawaii Slime/Models/Slimes
  artifactKey: Guid(15fdce0a1565f4542acb4ea90066fdbb) Importer(815301076,1909f56bfc062723c751e8b465ee728b)
Start importing Assets/Kawaii Slime/Models/Slimes using Guid(15fdce0a1565f4542acb4ea90066fdbb) Importer(815301076,1909f56bfc062723c751e8b465ee728b)  -> (artifact id: '63e9ae4f3d9e1dbbca8b50ff9b6567f7') in 0.000954 seconds 
========================================================================
Received Import Request.
  Time since last request: 0.905763 seconds.
  path: Assets/Kawaii Slime/Models/Top
  artifactKey: Guid(8c3a2288fc0f9b34498c78438bd66d2c) Importer(815301076,1909f56bfc062723c751e8b465ee728b)
Start importing Assets/Kawaii Slime/Models/Top using Guid(8c3a2288fc0f9b34498c78438bd66d2c) Importer(815301076,1909f56bfc062723c751e8b465ee728b)  -> (artifact id: '07b54f4bbeae2a7fc514e67017497d7d') in 0.001086 seconds 
========================================================================
Received Import Request.
  Time since last request: 8.291500 seconds.
  path: Assets/Kawaii Slime/Animation
  artifactKey: Guid(6df577302bffd684b91ddef1e1f746ea) Importer(815301076,1909f56bfc062723c751e8b465ee728b)
Start importing Assets/Kawaii Slime/Animation using Guid(6df577302bffd684b91ddef1e1f746ea) Importer(815301076,1909f56bfc062723c751e8b465ee728b)  -> (artifact id: 'b7ad90f22e800c3f433481d2647e01f5') in 0.000826 seconds 
========================================================================
Received Import Request.
  Time since last request: 0.062500 seconds.
  path: Assets/Kawaii Slime/Animation/Slime_Anim.fbx
  artifactKey: Guid(eb340672e17c0af4089e561b61cdc548) Importer(815301076,1909f56bfc062723c751e8b465ee728b)
Start importing Assets/Kawaii Slime/Animation/Slime_Anim.fbx using Guid(eb340672e17c0af4089e561b61cdc548) Importer(815301076,1909f56bfc062723c751e8b465ee728b)  -> (artifact id: 'e44dafa560e33f43bf8f8e9541816084') in 0.144131 seconds 
========================================================================
Received Import Request.
  Time since last request: 0.701787 seconds.
  path: Assets/Kawaii Slime/Animator
  artifactKey: Guid(79caf1f1fa5055c40b3a80be393ba76d) Importer(815301076,1909f56bfc062723c751e8b465ee728b)
Start importing Assets/Kawaii Slime/Animator using Guid(79caf1f1fa5055c40b3a80be393ba76d) Importer(815301076,1909f56bfc062723c751e8b465ee728b)  -> (artifact id: '0a62795d58b7855b48a723457fae623c') in 0.000922 seconds 
========================================================================
Received Import Request.
  Time since last request: 2.002587 seconds.
  path: Assets/Kawaii Slime/Materials
  artifactKey: Guid(df9a7869b3a400149a2274cc31a1dcc6) Importer(815301076,1909f56bfc062723c751e8b465ee728b)
Start importing Assets/Kawaii Slime/Materials using Guid(df9a7869b3a400149a2274cc31a1dcc6) Importer(815301076,1909f56bfc062723c751e8b465ee728b)  -> (artifact id: '438c5a9f13fc21d9e8c64af3af6661a2') in 0.000855 seconds 
========================================================================
Received Import Request.
  Time since last request: 0.089285 seconds.
  path: Assets/Kawaii Slime/Materials/Ground.mat
  artifactKey: Guid(d6d82eb17fc82634590c56e637cee518) Importer(815301076,1909f56bfc062723c751e8b465ee728b)
Start importing Assets/Kawaii Slime/Materials/Ground.mat using Guid(d6d82eb17fc82634590c56e637cee518) Importer(815301076,1909f56bfc062723c751e8b465ee728b)  -> (artifact id: '40e1fc3d46e43fa914ccaea501bd153a') in 0.189564 seconds 
========================================================================
Received Import Request.
  Time since last request: 1.921054 seconds.
  path: Assets/Kawaii Slime/Prefabs
  artifactKey: Guid(5cd1099306649244aa937b3aed157f25) Importer(815301076,1909f56bfc062723c751e8b465ee728b)
Start importing Assets/Kawaii Slime/Prefabs using Guid(5cd1099306649244aa937b3aed157f25) Importer(815301076,1909f56bfc062723c751e8b465ee728b)  -> (artifact id: '6b43b731f054fdf7fae0297c8365514a') in 0.000831 seconds 
========================================================================
Received Import Request.
  Time since last request: 0.060962 seconds.
  path: Assets/Kawaii Slime/Prefabs/Slime_01.prefab
  artifactKey: Guid(d941199d4a58fcb45adc75ea8e37c42c) Importer(815301076,1909f56bfc062723c751e8b465ee728b)
Start importing Assets/Kawaii Slime/Prefabs/Slime_01.prefab using Guid(d941199d4a58fcb45adc75ea8e37c42c) Importer(815301076,1909f56bfc062723c751e8b465ee728b)  -> (artifact id: '9436f01f7e6c7a123952234a3e20c3ec') in 0.012346 seconds 
========================================================================
Received Import Request.
  Time since last request: 0.000015 seconds.
  path: Assets/Kawaii Slime/Prefabs/Slime_03.prefab
  artifactKey: Guid(fa12db7f8a3f0714799c08ee4da865d6) Importer(815301076,1909f56bfc062723c751e8b465ee728b)
Start importing Assets/Kawaii Slime/Prefabs/Slime_03.prefab using Guid(fa12db7f8a3f0714799c08ee4da865d6) Importer(815301076,1909f56bfc062723c751e8b465ee728b)  -> (artifact id: '17f97e7436d0b18ae05144c92c8e7a2f') in 0.012120 seconds 
========================================================================
Received Import Request.
  Time since last request: 0.000024 seconds.
  path: Assets/Kawaii Slime/Prefabs/Slime_03 Sprout.prefab
  artifactKey: Guid(8760cc9eb30a2b340b14499b6e150dc4) Importer(815301076,1909f56bfc062723c751e8b465ee728b)
Start importing Assets/Kawaii Slime/Prefabs/Slime_03 Sprout.prefab using Guid(8760cc9eb30a2b340b14499b6e150dc4) Importer(815301076,1909f56bfc062723c751e8b465ee728b)  -> (artifact id: '0412209cd7f2ed613b3b9a76ec6fb6cc') in 0.015273 seconds 
========================================================================
Received Import Request.
  Time since last request: 0.000015 seconds.
  path: Assets/Kawaii Slime/Prefabs/Slime_01_MeltalHelmet.prefab
  artifactKey: Guid(0ba0f6eee23032e4e83d421e739dc905) Importer(815301076,1909f56bfc062723c751e8b465ee728b)
Start importing Assets/Kawaii Slime/Prefabs/Slime_01_MeltalHelmet.prefab using Guid(0ba0f6eee23032e4e83d421e739dc905) Importer(815301076,1909f56bfc062723c751e8b465ee728b)  -> (artifact id: '6995318201ebf89d654c4484b44b4cd2') in 0.011091 seconds 
========================================================================
Received Import Request.
  Time since last request: 0.000026 seconds.
  path: Assets/Kawaii Slime/Prefabs/Slime_03 King.prefab
  artifactKey: Guid(93df5c48d5e021040916b0e984d9b01a) Importer(815301076,1909f56bfc062723c751e8b465ee728b)
Start importing Assets/Kawaii Slime/Prefabs/Slime_03 King.prefab using Guid(93df5c48d5e021040916b0e984d9b01a) Importer(815301076,1909f56bfc062723c751e8b465ee728b)  -> (artifact id: 'dfbdb33163425e665ba6cddbcf858820') in 0.015829 seconds 
========================================================================
Received Import Request.
  Time since last request: 0.000015 seconds.
  path: Assets/Kawaii Slime/Prefabs/Slime_02.prefab
  artifactKey: Guid(72c47fdc43d84b243bdc109c284341d6) Importer(815301076,1909f56bfc062723c751e8b465ee728b)
Start importing Assets/Kawaii Slime/Prefabs/Slime_02.prefab using Guid(72c47fdc43d84b243bdc109c284341d6) Importer(815301076,1909f56bfc062723c751e8b465ee728b)  -> (artifact id: 'd53ada2e9da26c3b42984c4195c1da6b') in 0.009799 seconds 
Editor requested this worker to shutdown with reason: Scaling down because of idle timeout
AssetImportWorker is now disconnected from the server
Process exiting
Exiting without the bug reporter. Application will terminate with return code 0